INFO 2023-04-30 21:30:39,538 autoreload
INFO 2023-04-30 22:29:36,974 autoreload
INFO 2023-04-30 22:29:38,395 autoreload
2023-05-02 15:39:30,237 INFO autoreload Watching for file changes with StatReloader
2023-05-02 15:39:32,656 INFO basehttp "GET /news/news/add HTTP/1.1" 302 0
2023-05-02 15:39:32,803 INFO basehttp "GET /accounts/login/?next=/news/news/add HTTP/1.1" 200 3930
2023-05-02 15:39:32,926 WARNING log Not Found: /static/vendor/bootstrap/css/bootstrap.min.css
2023-05-02 15:39:32,926 WARNING log Not Found: /static/vendor/bootstrap/js/bootstrap.bundle.min.js
2023-05-02 15:39:32,926 WARNING log Not Found: /static/css/styles.css
2023-05-02 15:39:32,926 WARNING log Not Found: /static/vendor/jquery/jquery.slim.min.js
2023-05-02 15:39:32,926 WARNING basehttp "GET /static/vendor/bootstrap/js/bootstrap.bundle.min.js HTTP/1.1" 404 179
2023-05-02 15:39:32,926 WARNING basehttp "GET /static/vendor/bootstrap/css/bootstrap.min.css HTTP/1.1" 404 179
2023-05-02 15:39:32,926 WARNING basehttp "GET /static/css/styles.css HTTP/1.1" 404 179
2023-05-02 15:39:32,926 WARNING basehttp "GET /static/vendor/jquery/jquery.slim.min.js HTTP/1.1" 404 179
2023-05-02 15:39:32,957 WARNING log Not Found: /static/vendor/bootstrap/js/bootstrap.bundle.min.js
2023-05-02 15:39:32,957 WARNING basehttp "GET /static/vendor/bootstrap/js/bootstrap.bundle.min.js HTTP/1.1" 404 179
2023-05-02 15:39:46,409 WARNING log Not Found: /favicon.ico
2023-05-02 15:39:46,409 INFO basehttp - Broken pipe from ('127.0.0.1', 57947)
2023-05-02 15:40:02,732 INFO basehttp "GET /admin/ HTTP/1.1" 302 0
2023-05-02 15:40:02,826 INFO basehttp "GET /admin/login/?next=/admin/ HTTP/1.1" 200 4181
2023-05-02 15:40:02,933 WARNING log Not Found: /static/admin/css/base.css
2023-05-02 15:40:02,933 WARNING log Not Found: /static/admin/css/nav_sidebar.css
2023-05-02 15:40:02,933 WARNING basehttp "GET /static/admin/css/base.css HTTP/1.1" 404 179
2023-05-02 15:40:02,933 WARNING log Not Found: /static/admin/css/dark_mode.css
2023-05-02 15:40:02,948 WARNING basehttp "GET /static/admin/css/nav_sidebar.css HTTP/1.1" 404 179
2023-05-02 15:40:02,948 WARNING log Not Found: /static/admin/css/responsive.css
2023-05-02 15:40:02,948 WARNING log Not Found: /static/admin/css/login.css
2023-05-02 15:40:02,948 WARNING basehttp "GET /static/admin/css/dark_mode.css HTTP/1.1" 404 179
2023-05-02 15:40:02,948 WARNING basehttp "GET /static/admin/css/responsive.css HTTP/1.1" 404 179
2023-05-02 15:40:02,948 WARNING basehttp "GET /static/admin/css/login.css HTTP/1.1" 404 179
2023-05-02 15:40:02,948 WARNING log Not Found: /static/admin/js/nav_sidebar.js
2023-05-02 15:40:02,948 WARNING log Not Found: /static/admin/js/theme.js
2023-05-02 15:40:02,948 WARNING basehttp "GET /static/admin/js/nav_sidebar.js HTTP/1.1" 404 179
2023-05-02 15:40:02,948 WARNING basehttp "GET /static/admin/js/theme.js HTTP/1.1" 404 179
2023-05-02 15:41:08,986 INFO basehttp "POST /admin/login/?next=/admin/ HTTP/1.1" 302 0
2023-05-02 15:41:09,048 INFO basehttp "GET /admin/ HTTP/1.1" 200 15581
2023-05-02 15:41:09,186 WARNING log Not Found: /static/admin/css/dark_mode.css
2023-05-02 15:41:09,186 WARNING log Not Found: /static/admin/js/nav_sidebar.js
2023-05-02 15:41:09,186 WARNING log Not Found: /static/admin/css/base.css
2023-05-02 15:41:09,186 WARNING log Not Found: /static/admin/css/nav_sidebar.css
2023-05-02 15:41:09,186 WARNING log Not Found: /static/admin/css/responsive.css
2023-05-02 15:41:09,186 WARNING log Not Found: /static/admin/js/theme.js
2023-05-02 15:41:09,186 WARNING basehttp "GET /static/admin/css/dark_mode.css HTTP/1.1" 404 179
2023-05-02 15:41:09,186 WARNING basehttp "GET /static/admin/js/nav_sidebar.js HTTP/1.1" 404 179
2023-05-02 15:41:09,186 WARNING basehttp "GET /static/admin/css/nav_sidebar.css HTTP/1.1" 404 179
2023-05-02 15:41:09,186 WARNING basehttp "GET /static/admin/css/base.css HTTP/1.1" 404 179
2023-05-02 15:41:09,202 WARNING basehttp "GET /static/admin/css/responsive.css HTTP/1.1" 404 179
2023-05-02 15:41:09,202 WARNING basehttp "GET /static/admin/js/theme.js HTTP/1.1" 404 179
2023-05-02 15:41:09,202 WARNING log Not Found: /static/admin/css/dashboard.css
2023-05-02 15:41:09,202 WARNING basehttp "GET /static/admin/css/dashboard.css HTTP/1.1" 404 179
2023-05-02 15:41:20,954 INFO basehttp "GET /admin/ HTTP/1.1" 200 15581
2023-05-02 15:41:21,039 WARNING log Not Found: /static/admin/css/dark_mode.css
2023-05-02 15:41:21,039 WARNING log Not Found: /static/admin/js/theme.js
2023-05-02 15:41:21,039 WARNING log Not Found: /static/admin/js/nav_sidebar.js
2023-05-02 15:41:21,039 WARNING log Not Found: /static/admin/css/dashboard.css
2023-05-02 15:41:21,039 WARNING basehttp "GET /static/admin/js/theme.js HTTP/1.1" 404 179
2023-05-02 15:41:21,039 WARNING log Not Found: /static/admin/css/base.css
2023-05-02 15:41:21,039 WARNING basehttp "GET /static/admin/css/dark_mode.css HTTP/1.1" 404 179
2023-05-02 15:41:21,039 WARNING basehttp "GET /static/admin/js/nav_sidebar.js HTTP/1.1" 404 179
2023-05-02 15:41:21,054 WARNING basehttp "GET /static/admin/css/dashboard.css HTTP/1.1" 404 179
2023-05-02 15:41:21,054 WARNING basehttp "GET /static/admin/css/base.css HTTP/1.1" 404 179
2023-05-02 15:41:21,054 WARNING log Not Found: /static/admin/css/nav_sidebar.css
2023-05-02 15:41:21,054 WARNING basehttp "GET /static/admin/css/nav_sidebar.css HTTP/1.1" 404 179
2023-05-02 15:41:21,054 WARNING log Not Found: /static/admin/css/responsive.css
2023-05-02 15:41:21,054 WARNING basehttp "GET /static/admin/css/responsive.css HTTP/1.1" 404 179
2023-05-02 15:41:36,312 INFO basehttp "GET / HTTP/1.1" 200 5969
2023-05-02 15:41:36,406 WARNING log Not Found: /static/vendor/jquery/jquery.slim.min.js
2023-05-02 15:41:36,412 WARNING log Not Found: /static/vendor/bootstrap/js/bootstrap.bundle.min.js
2023-05-02 15:41:36,412 WARNING log Not Found: /static/vendor/bootstrap/css/bootstrap.min.css
2023-05-02 15:41:36,412 WARNING log Not Found: /static/css/styles.css
2023-05-02 15:41:36,412 WARNING basehttp "GET /static/vendor/jquery/jquery.slim.min.js HTTP/1.1" 404 179
2023-05-02 15:41:36,412 WARNING basehttp "GET /static/vendor/bootstrap/js/bootstrap.bundle.min.js HTTP/1.1" 404 179
2023-05-02 15:41:36,412 WARNING basehttp "GET /static/vendor/bootstrap/css/bootstrap.min.css HTTP/1.1" 404 179
2023-05-02 15:41:36,412 WARNING basehttp "GET /static/css/styles.css HTTP/1.1" 404 179
2023-05-02 15:41:36,428 WARNING log Not Found: /static/vendor/bootstrap/js/bootstrap.bundle.min.js
2023-05-02 15:41:36,428 WARNING basehttp "GET /static/vendor/bootstrap/js/bootstrap.bundle.min.js HTTP/1.1" 404 179
2023-05-02 15:44:58,729 INFO autoreload Watching for file changes with StatReloader
2023-05-02 15:45:10,452 INFO basehttp "GET / HTTP/1.1" 200 5969
2023-05-02 15:45:10,537 WARNING log Not Found: /static/vendor/bootstrap/css/bootstrap.min.css
2023-05-02 15:45:10,537 WARNING log Not Found: /static/vendor/jquery/jquery.slim.min.js
2023-05-02 15:45:10,537 WARNING log Not Found: /static/css/styles.css
2023-05-02 15:45:10,537 WARNING basehttp "GET /static/vendor/bootstrap/css/bootstrap.min.css HTTP/1.1" 404 179
2023-05-02 15:45:10,537 WARNING basehttp "GET /static/vendor/jquery/jquery.slim.min.js HTTP/1.1" 404 179
2023-05-02 15:45:10,537 WARNING basehttp "GET /static/css/styles.css HTTP/1.1" 404 179
2023-05-02 15:45:10,553 WARNING log Not Found: /static/vendor/bootstrap/js/bootstrap.bundle.min.js
2023-05-02 15:45:10,553 WARNING basehttp "GET /static/vendor/bootstrap/js/bootstrap.bundle.min.js HTTP/1.1" 404 179
2023-05-02 15:45:34,661 INFO basehttp "GET /news/news/add HTTP/1.1" 200 3391
2023-05-02 15:45:34,777 WARNING log Not Found: /static/vendor/jquery/jquery.slim.min.js
2023-05-02 15:45:34,777 WARNING log Not Found: /static/vendor/bootstrap/css/bootstrap.min.css
2023-05-02 15:45:34,777 WARNING basehttp "GET /static/vendor/jquery/jquery.slim.min.js HTTP/1.1" 404 179
2023-05-02 15:45:34,777 WARNING log Not Found: /static/vendor/bootstrap/js/bootstrap.bundle.min.js
2023-05-02 15:45:34,777 WARNING basehttp "GET /static/vendor/bootstrap/css/bootstrap.min.css HTTP/1.1" 404 179
2023-05-02 15:45:34,777 WARNING basehttp "GET /static/vendor/bootstrap/js/bootstrap.bundle.min.js HTTP/1.1" 404 179
2023-05-02 15:45:34,793 WARNING log Not Found: /static/css/styles.css
2023-05-02 15:45:34,793 WARNING basehttp "GET /static/css/styles.css HTTP/1.1" 404 179
2023-05-02 15:45:53,235 ERROR log Internal Server Error: /news/news/add
Traceback (most recent call last):
  File "C:\Users\User\Documents\Python-обучение\NewsPaper\venv\lib\site-packages\django\utils\datastructures.py", line 84, in __getitem__
    list_ = super().__getitem__(key)
KeyError: 'category'

During handling of the above exception, another exception occurred:

Traceback (most recent call last):
  File "C:\Users\User\Documents\Python-обучение\NewsPaper\venv\lib\site-packages\django\core\handlers\exception.py", line 55, in inner
    response = get_response(request)
  File "C:\Users\User\Documents\Python-обучение\NewsPaper\venv\lib\site-packages\django\core\handlers\base.py", line 197, in _get_response
    response = wrapped_callback(request, *callback_args, **callback_kwargs)
  File "C:\Users\User\Documents\Python-обучение\NewsPaper\venv\lib\site-packages\django\views\generic\base.py", line 104, in view
    return self.dispatch(request, *args, **kwargs)
  File "C:\Users\User\Documents\Python-обучение\NewsPaper\venv\lib\site-packages\django\contrib\auth\mixins.py", line 109, in dispatch
    return super().dispatch(request, *args, **kwargs)
  File "C:\Users\User\Documents\Python-обучение\NewsPaper\venv\lib\site-packages\django\views\generic\base.py", line 143, in dispatch
    return handler(request, *args, **kwargs)
  File "C:\Users\User\Documents\Python-обучение\NewsPaper\venv\NewsPaper\news\views.py", line 99, in post
    category_id = request.POST['category']
  File "C:\Users\User\Documents\Python-обучение\NewsPaper\venv\lib\site-packages\django\utils\datastructures.py", line 86, in __getitem__
    raise MultiValueDictKeyError(key)
django.utils.datastructures.MultiValueDictKeyError: 'category'
2023-05-02 15:45:53,474 ERROR basehttp "POST /news/news/add HTTP/1.1" 500 145
2023-05-02 15:46:26,222 INFO autoreload C:\Users\User\Documents\Python-обучение\NewsPaper\venv\NewsPaper\NewsPaper\settings.py changed, reloading.
2023-05-02 20:20:30,329 INFO autoreload Watching for file changes with StatReloader
2023-05-02 20:21:56,952 INFO autoreload C:\Users\User\Documents\Python-обучение\NewsPaper\venv\NewsPaper\NewsPaper\settings.py changed, reloading.
2023-05-02 20:21:58,205 INFO autoreload Watching for file changes with StatReloader
2023-05-02 20:24:17,731 INFO autoreload C:\Users\User\Documents\Python-обучение\NewsPaper\venv\NewsPaper\NewsPaper\settings.py changed, reloading.
2023-05-02 20:24:19,162 INFO autoreload Watching for file changes with StatReloader
2023-05-02 20:30:38,454 INFO autoreload C:\Users\User\Documents\Python-обучение\NewsPaper\venv\NewsPaper\NewsPaper\settings.py changed, reloading.
2023-05-02 20:30:39,650 INFO autoreload Watching for file changes with StatReloader
2023-05-02 20:31:50,640 INFO autoreload C:\Users\User\Documents\Python-обучение\NewsPaper\venv\NewsPaper\NewsPaper\settings.py changed, reloading.
2023-05-02 20:31:51,928 INFO autoreload Watching for file changes with StatReloader
[02/May/2023 20:32:22] "GET /news/ HTTP/1.1" 200 5969
[02/May/2023 20:32:44] "GET /news/news/add HTTP/1.1" 200 3399
2023-05-02 20:34:46,178 INFO autoreload Watching for file changes with StatReloader
[02/May/2023 20:34:52] "GET /accounts/logout/ HTTP/1.1" 200 2774
[02/May/2023 20:34:54] "POST /accounts/logout/ HTTP/1.1" 302 0
[02/May/2023 20:34:54] "GET / HTTP/1.1" 200 5966
[02/May/2023 20:35:15] "GET /admin/ HTTP/1.1" 302 0
[02/May/2023 20:35:15] "GET /admin/login/?next=/admin/ HTTP/1.1" 200 4307
[02/May/2023 20:36:12] "POST /admin/login/?next=/admin/ HTTP/1.1" 302 0
[02/May/2023 20:36:12] "GET /admin/ HTTP/1.1" 200 15581
[02/May/2023 20:36:27] "GET / HTTP/1.1" 200 5969
[02/May/2023 20:36:38] "GET /news/news/add HTTP/1.1" 200 3399
2023-05-02 20:40:39,237 INFO autoreload C:\Users\User\Documents\Python-обучение\NewsPaper\venv\NewsPaper\NewsPaper\settings.py changed, reloading.
2023-05-02 20:40:40,619 INFO autoreload Watching for file changes with StatReloader
